Arguments: 
  /home/bums/.nvm/versions/node/v16.17.0/bin/node /home/bums/.node/corepack/yarn/1.22.19/bin/yarn.js add –-dev hardhat

PATH: 
  /home/bums/.nvm/versions/node/v16.17.0/bin:/home/bums/.vscode-server/bin/784b0177c56c607789f9638da7b6bf3230d47a8c/bin/remote-cli:/usr/local/sbin:/usr/local/bin:/usr/sbin:/usr/bin:/sbin:/bin:/usr/games:/usr/local/games:/usr/lib/wsl/lib:/mnt/c/Python310/Scripts/:/mnt/c/Python310/:/mnt/c/Program Files (x86)/Common Files/Oracle/Java/javapath:/mnt/c/ProgramData/Oracle/Java/javapath:/mnt/c/Program Files (x86)/NVIDIA Corporation/PhysX/Common:/mnt/c/Program Files (x86)/Intel/iCLS Client/:/mnt/c/Program Files/Intel/iCLS Client/:/mnt/c/WINDOWS/system32:/mnt/c/WINDOWS:/mnt/c/WINDOWS/System32/Wbem:/mnt/c/WINDOWS/System32/WindowsPowerShell/v1.0/:/mnt/c/Program Files (x86)/Windows Live/Shared:/mnt/c/Program Files/Intel/Intel(R) Management Engine Components/DAL:/mnt/c/Program Files/Intel/Intel(R) Management Engine Components/IPT:/mnt/c/Program Files (x86)/Intel/Intel(R) Management Engine Components/DAL:/mnt/c/Program Files (x86)/Intel/Intel(R) Management Engine Components/IPT:/mnt/c/Program Files (x86)/Intel/OpenCL SDK/3.0/bin/x86:/mnt/c/Program Files (x86)/Intel/OpenCL SDK/3.0/bin/x64:/mnt/c/Program Files (x86)/Common Files/Apple/Internet Services/:/mnt/c/WINDOWS/System32/OpenSSH/:/mnt/c/Program Files/Git/cmd:/mnt/c/Program Files/Git/mingw64/bin:/mnt/c/Program Files/Git/usr/bin:/mnt/c/Program Files/PuTTY/:/mnt/c/Program Files/dotnet/:/mnt/c/Program Files (x86)/dotnet/:/mnt/c/ProgramData/chocolatey/bin:/mnt/c/Program Files/nodejs/:/mnt/c/Users/Сергей/AppData/Local/Microsoft/WindowsApps:/mnt/c/Users/Сергей/.dotnet/tools:/mnt/c/Program Files/MongoDB/Server/4.4/bin:/mnt/c/Users/Сергей/AppData/Local/Programs/Microsoft VS Code/bin:/mnt/c/Users/Сергей/AppData/Roaming/npm:/snap/bin

Yarn version: 
  1.22.19

Node version: 
  16.17.0

Platform: 
  linux x64

Trace: 
  TypeError [ERR_UNESCAPED_CHARACTERS]: https://registry.yarnpkg.com/–-dev: Request path contains unescaped characters
      at new NodeError (node:internal/errors:387:5)
      at new ClientRequest (node:_http_client:173:13)
      at Object.request (node:https:357:10)
      at Request.module.exports.Request.start (/home/bums/.node/corepack/yarn/1.22.19/lib/cli.js:141452:32)
      at Request.module.exports.Request.end (/home/bums/.node/corepack/yarn/1.22.19/lib/cli.js:142211:10)
      at end (/home/bums/.node/corepack/yarn/1.22.19/lib/cli.js:141265:14)
      at Immediate.<anonymous> (/home/bums/.node/corepack/yarn/1.22.19/lib/cli.js:141279:7)
      at processImmediate (node:internal/timers:466:21)

npm manifest: 
  No manifest

yarn manifest: 
  No manifest

Lockfile: 
  No lockfile
